<?xml version="1.0" encoding="UTF-8"?>
<!-- Generated by org.testng.reporters.JUnitReportReporter -->
<testsuite hostname="DESKTOP-FJKJ113" failures="0" tests="4" name="Pack1.LoginDataProvider" time="81.804" errors="0" timestamp="2022-04-05T15:46:36 IST" skipped="0">
  <testcase classname="Pack1.LoginDataProvider" name="login1" time="39.605"/>
  <system-out/>
  <testcase classname="Pack1.LoginDataProvider" name="login1" time="10.803"/>
  <system-out/>
  <testcase classname="Pack1.LoginDataProvider" name="login1" time="18.322"/>
  <system-out/>
  <testcase classname="Pack1.LoginDataProvider" name="login1" time="13.074"/>
  <system-out/>
</testsuite> <!-- Pack1.LoginDataProvider -->
