<?xml version="1.0" encoding="UTF-8"?>
<!-- Generated by org.testng.reporters.JUnitReportReporter -->
<testsuite hostname="DESKTOP-FJKJ113" failures="0" tests="1" name="Pack1.Annotate" time="4.031" errors="0" timestamp="2022-04-05T00:40:29 IST" skipped="0">
  <testcase classname="Pack1.Annotate" name="login1" time="4.031"/>
  <system-out/>
</testsuite> <!-- Pack1.Annotate -->
