<?xml version="1.0" encoding="UTF-8"?>
<!-- Generated by org.testng.reporters.JUnitReportReporter -->
<testsuite hostname="DESKTOP-FJKJ113" failures="0" tests="5" name="Pack1.ExtentReport1" time="9.616" errors="0" timestamp="2022-04-06T21:22:06 IST" skipped="0">
  <testcase classname="Pack1.ExtentReport1" name="containsText" time="9.552"/>
  <system-out/>
  <testcase classname="Pack1.ExtentReport1" name="cartButton" time="0.017"/>
  <system-out/>
  <testcase classname="Pack1.ExtentReport1" name="buyN" time="0.017"/>
  <system-out/>
  <testcase classname="Pack1.ExtentReport1" name="enterYourLoginName" time="0.015"/>
  <system-out/>
  <testcase classname="Pack1.ExtentReport1" name="quanButtton" time="0.015"/>
  <system-out/>
</testsuite> <!-- Pack1.ExtentReport1 -->
