<?xml version="1.0" encoding="UTF-8"?>
<!-- Generated by org.testng.reporters.JUnitReportReporter -->
<testsuite hostname="DESKTOP-FJKJ113" failures="0" tests="1" name="Pack1.RegisterAnnotate" time="6.273" errors="0" timestamp="2022-04-05T00:38:05 IST" skipped="0">
  <testcase classname="Pack1.RegisterAnnotate" name="register1" time="6.273"/>
  <system-out/>
</testsuite> <!-- Pack1.RegisterAnnotate -->
