<?xml version="1.0" encoding="UTF-8"?>
<!-- Generated by org.testng.reporters.JUnitReportReporter -->
<testsuite hostname="DESKTOP-FJKJ113" failures="0" tests="1" name="Pack1.SearchVAnnotate" time="5.954" errors="0" timestamp="2022-04-05T00:47:21 IST" skipped="0">
  <testcase classname="Pack1.SearchVAnnotate" name="searchValidate" time="5.954"/>
  <system-out/>
</testsuite> <!-- Pack1.SearchVAnnotate -->
