<?xml version="1.0" encoding="UTF-8"?>
<!-- Generated by org.testng.reporters.JUnitReportReporter -->
<testsuite hostname="DESKTOP-FJKJ113" failures="0" tests="5" name="Pack1.ExtentReport1" time="10.010" errors="0" timestamp="2022-04-11T14:52:52 IST" skipped="0">
  <testcase classname="Pack1.ExtentReport1" name="containsText" time="9.943"/>
  <system-out/>
  <testcase classname="Pack1.ExtentReport1" name="cartButton" time="0.020"/>
  <system-out/>
  <testcase classname="Pack1.ExtentReport1" name="buyN" time="0.017"/>
  <system-out/>
  <testcase classname="Pack1.ExtentReport1" name="enterYourLoginName" time="0.016"/>
  <system-out/>
  <testcase classname="Pack1.ExtentReport1" name="quanButtton" time="0.014"/>
  <system-out/>
</testsuite> <!-- Pack1.ExtentReport1 -->
