<?xml version="1.0" encoding="UTF-8"?>
<!-- Generated by org.testng.reporters.JUnitReportReporter -->
<testsuite hostname="DESKTOP-FJKJ113" failures="0" tests="1" name="Pack1.Logs" time="10.660" errors="0" timestamp="2022-04-11T14:31:41 IST" skipped="0">
  <testcase classname="Pack1.Logs" name="login1" time="10.660"/>
  <system-out>
    <![CDATA[
Searching for Arduino NANO

Migrating to product page

Add to cart button is enabled

Buy now button is enabled]]>
  </system-out>
</testsuite> <!-- Pack1.Logs -->
